\BOOKMARK [1][]{section.0.1}{Equipe}{}% 1
\BOOKMARK [1][]{section.0.2}{Apresenta\347\343o do Documento do Projeto}{}% 2
\BOOKMARK [1][]{section.0.3}{Introdu\347\343o}{}% 3
\BOOKMARK [2][]{subsection.0.3.1}{Fundamenta\347\343o Te\363rica}{section.0.3}% 4
\BOOKMARK [1][]{section.0.4}{Descri\347\343o do Problema}{}% 5
\BOOKMARK [1][]{section.0.5}{Objetivos do Projeto}{}% 6
\BOOKMARK [2][]{subsection.0.5.1}{Objetivos Gerais}{section.0.5}% 7
\BOOKMARK [2][]{subsection.0.5.2}{Objetivos Espec\355ficos}{section.0.5}% 8
\BOOKMARK [1][]{section.0.6}{Metodologia}{}% 9
\BOOKMARK [2][]{subsection.0.6.1}{Organiza\347\343o Interna}{section.0.6}% 10
\BOOKMARK [2][]{subsection.0.6.2}{Descri\347\343o da Solu\347\343o}{section.0.6}% 11
\BOOKMARK [2][]{subsection.0.6.3}{Desenvolvimento da Ontologia}{section.0.6}% 12
\BOOKMARK [1][]{section.0.7}{Descri\347\343o da Proposta}{}% 13
\BOOKMARK [2][]{subsection.0.7.1}{Contexto}{section.0.7}% 14
\BOOKMARK [1][]{section.0.8}{Senten\347a de Posi\347\343o do Produto}{}% 15
\BOOKMARK [2][]{subsection.0.8.1}{Usu\341rios}{section.0.8}% 16
\BOOKMARK [2][]{subsection.0.8.2}{Premissas}{section.0.8}% 17
\BOOKMARK [2][]{subsection.0.8.3}{Restri\347\365es}{section.0.8}% 18
\BOOKMARK [1][]{section.0.9}{Descri\347\343o das Ontologias Existentes}{}% 19
\BOOKMARK [1][]{section.0.10}{Descri\347\343o do Ambiente Web}{}% 20
\BOOKMARK [1][]{section.0.11}{Descri\347\343o da Solu\347\343o}{}% 21
\BOOKMARK [2][]{subsection.0.11.1}{Ferramentas Utilizadas}{section.0.11}% 22
\BOOKMARK [1][]{section.0.12}{Requisitos de Sistema}{}% 23
\BOOKMARK [2][]{subsection.0.12.1}{Requisitos Funcionais}{section.0.12}% 24
\BOOKMARK [2][]{subsection.0.12.2}{Requisitos N\343o Funcionais}{section.0.12}% 25
\BOOKMARK [2][]{subsection.0.12.3}{Casos de Uso}{section.0.12}% 26
\BOOKMARK [2][]{subsection.0.12.4}{Especifica\347\343o de Casos de Uso}{section.0.12}% 27
\BOOKMARK [2][]{subsection.0.12.5}{Modelagem de Casos de Uso}{section.0.12}% 28
\BOOKMARK [1][]{section.0.13}{Ontologia}{}% 29
\BOOKMARK [2][]{subsection.0.13.1}{Hierarquia de Classes}{section.0.13}% 30
\BOOKMARK [2][]{subsection.0.13.2}{Inst\342ncias e Propriedades}{section.0.13}% 31
\BOOKMARK [1][]{section.0.14}{Estrutura da Solu\347\343o}{}% 32
\BOOKMARK [2][]{subsection.0.14.1}{Consultas e Infer\352ncias}{section.0.14}% 33
\BOOKMARK [2][]{subsection.0.14.2}{Plataforma Web}{section.0.14}% 34
\BOOKMARK [1][]{section.0.15}{Cronograma do Projeto}{}% 35
\BOOKMARK [1][]{section.0.16}{Anexos}{}% 36
